<?xml version="1.0" encoding="UTF-8"?>
<TestRun id="92ea5256-62f6-4a2a-9733-fda3dd96f22b" name="ben.crinion@SAGE010582 2011-12-19 15:53:40" runUser="SAGEUKIE\ben.crinion" xmlns="http://microsoft.com/schemas/VisualStudio/TeamTest/2010">
  <TestSettings name="Local" id="ef149f74-4c5a-4e1f-87b8-a5e79c997f90">
    <Description>These are default test settings for a local test run.</Description>
    <Deployment enabled="false" runDeploymentRoot="ben.crinion_SAGE010582 2011-12-19 15_53_40">
      <DeploymentItem filename="c:\users\ben.crinion\documents\visual studio 2010\Projects\LotteryConsoleApp\LotteryLibrary\bin\Debug\LotteryLibrary.dll" />
    </Deployment>
    <Execution>
      <TestTypeSpecific />
      <AgentRule name="Execution Agents">
      </AgentRule>
    </Execution>
  </TestSettings>
  <Times creation="2011-12-19T15:53:40.2902717+00:00" queuing="2011-12-19T15:53:40.3462717+00:00" start="2011-12-19T15:53:40.3512717+00:00" finish="2011-12-19T15:53:43.5832717+00:00" />
  <ResultSummary outcome="Failed">
    <Counters total="6" executed="6" passed="3" error="0" failed="3" timeout="0" aborted="0" inconclusive="0" passedButRunAborted="0" notRunnable="0" notExecuted="0" disconnected="0" warning="0" completed="0" inProgress="0" pending="0" />
  </ResultSummary>
  <TestDefinitions>
    <UnitTest name="LoadAllDrawsTest" storage="c:\users\ben.crinion\documents\visual studio 2010\projects\lotteryconsoleapp\lottolibrary.test\bin\debug\lottolibrary.test.dll" id="41010dad-1f69-61f2-4f81-1da59e142c9b">
      <Execution id="2646604c-ee73-4ee4-83cd-2cce8fdd37bc" />
      <TestMethod codeBase="c:/users/ben.crinion/documents/visual studio 2010/Projects/LotteryConsoleApp/LottoLibrary.Test/bin/Debug/LottoLibrary.Test.DLL" adapterTypeName="Microsoft.VisualStudio.TestTools.TestTypes.Unit.UnitTestAdapter, Microsoft.VisualStudio.QualityTools.Tips.UnitTest.Adapter, Version=10.0.0.0, Culture=neutral, PublicKeyToken=b03f5f7f11d50a3a" className="LottoLibrary.Test.ILottoCollectionTest, LottoLibrary.Test, Version=1.0.0.0, Culture=neutral, PublicKeyToken=null" name="LoadAllDrawsTest" />
    </UnitTest>
    <UnitTest name="WinningNumbers" storage="c:\users\ben.crinion\documents\visual studio 2010\projects\lotteryconsoleapp\lottolibrary.test\bin\debug\lottolibrary.test.dll" id="b23c5a48-50df-e42d-b8f1-dd4c97cd1f14">
      <Execution id="3218816a-9b2f-4b65-820e-0f5cd7e2eb1f" />
      <TestMethod codeBase="c:/users/ben.crinion/documents/visual studio 2010/Projects/LotteryConsoleApp/LottoLibrary.Test/bin/Debug/LottoLibrary.Test.DLL" adapterTypeName="Microsoft.VisualStudio.TestTools.TestTypes.Unit.UnitTestAdapter, Microsoft.VisualStudio.QualityTools.Tips.UnitTest.Adapter, Version=10.0.0.0, Culture=neutral, PublicKeyToken=b03f5f7f11d50a3a" className="LottoLibrary.Test.ILottoCollectionTest, LottoLibrary.Test, Version=1.0.0.0, Culture=neutral, PublicKeyToken=null" name="WinningNumbers" />
    </UnitTest>
    <UnitTest name="NotEnoughNumbers" storage="c:\users\ben.crinion\documents\visual studio 2010\projects\lotteryconsoleapp\lottolibrary.test\bin\debug\lottolibrary.test.dll" id="0bf5c479-8892-ecb9-5dd3-85785d297e7b">
      <Execution id="42e1722b-b5b2-452f-b8c3-cd2995b3138c" />
      <TestMethod codeBase="c:/users/ben.crinion/documents/visual studio 2010/Projects/LotteryConsoleApp/LottoLibrary.Test/bin/Debug/LottoLibrary.Test.DLL" adapterTypeName="Microsoft.VisualStudio.TestTools.TestTypes.Unit.UnitTestAdapter, Microsoft.VisualStudio.QualityTools.Tips.UnitTest.Adapter, Version=10.0.0.0, Culture=neutral, PublicKeyToken=b03f5f7f11d50a3a" className="LottoLibrary.Test.ILottoCollectionTest, LottoLibrary.Test, Version=1.0.0.0, Culture=neutral, PublicKeyToken=null" name="NotEnoughNumbers" />
    </UnitTest>
    <UnitTest name="TooManyNumbers" storage="c:\users\ben.crinion\documents\visual studio 2010\projects\lotteryconsoleapp\lottolibrary.test\bin\debug\lottolibrary.test.dll" id="058bc887-496a-f62c-2e6e-b08a3a4e48f7">
      <Execution id="90d73943-e1b2-4c1e-b933-ed92fc46d01d" />
      <TestMethod codeBase="c:/users/ben.crinion/documents/visual studio 2010/Projects/LotteryConsoleApp/LottoLibrary.Test/bin/Debug/LottoLibrary.Test.DLL" adapterTypeName="Microsoft.VisualStudio.TestTools.TestTypes.Unit.UnitTestAdapter, Microsoft.VisualStudio.QualityTools.Tips.UnitTest.Adapter, Version=10.0.0.0, Culture=neutral, PublicKeyToken=b03f5f7f11d50a3a" className="LottoLibrary.Test.ILottoCollectionTest, LottoLibrary.Test, Version=1.0.0.0, Culture=neutral, PublicKeyToken=null" name="TooManyNumbers" />
    </UnitTest>
    <UnitTest name="LoosingNumbers" storage="c:\users\ben.crinion\documents\visual studio 2010\projects\lotteryconsoleapp\lottolibrary.test\bin\debug\lottolibrary.test.dll" id="553ae75a-d97b-cc48-ce03-76d4cfbaf8df">
      <Execution id="59df0ab2-9af7-4003-b49b-0422f02966e1" />
      <TestMethod codeBase="c:/users/ben.crinion/documents/visual studio 2010/Projects/LotteryConsoleApp/LottoLibrary.Test/bin/Debug/LottoLibrary.Test.DLL" adapterTypeName="Microsoft.VisualStudio.TestTools.TestTypes.Unit.UnitTestAdapter, Microsoft.VisualStudio.QualityTools.Tips.UnitTest.Adapter, Version=10.0.0.0, Culture=neutral, PublicKeyToken=b03f5f7f11d50a3a" className="LottoLibrary.Test.ILottoCollectionTest, LottoLibrary.Test, Version=1.0.0.0, Culture=neutral, PublicKeyToken=null" name="LoosingNumbers" />
    </UnitTest>
    <UnitTest name="NotUniqueNumbers" storage="c:\users\ben.crinion\documents\visual studio 2010\projects\lotteryconsoleapp\lottolibrary.test\bin\debug\lottolibrary.test.dll" id="59af4567-ed2f-c98d-3d92-a1658e2751e8">
      <Execution id="c7138f89-bc45-48d5-a501-b101672e7459" />
      <TestMethod codeBase="c:/users/ben.crinion/documents/visual studio 2010/Projects/LotteryConsoleApp/LottoLibrary.Test/bin/Debug/LottoLibrary.Test.DLL" adapterTypeName="Microsoft.VisualStudio.TestTools.TestTypes.Unit.UnitTestAdapter, Microsoft.VisualStudio.QualityTools.Tips.UnitTest.Adapter, Version=10.0.0.0, Culture=neutral, PublicKeyToken=b03f5f7f11d50a3a" className="LottoLibrary.Test.ILottoCollectionTest, LottoLibrary.Test, Version=1.0.0.0, Culture=neutral, PublicKeyToken=null" name="NotUniqueNumbers" />
    </UnitTest>
  </TestDefinitions>
  <TestLists>
    <TestList name="Results Not in a List" id="8c84fa94-04c1-424b-9868-57a2d4851a1d" />
    <TestList name="All Loaded Results" id="19431567-8539-422a-85d7-44ee4e166bda" />
  </TestLists>
  <TestEntries>
    <TestEntry testId="058bc887-496a-f62c-2e6e-b08a3a4e48f7" executionId="90d73943-e1b2-4c1e-b933-ed92fc46d01d" testListId="8c84fa94-04c1-424b-9868-57a2d4851a1d" />
    <TestEntry testId="0bf5c479-8892-ecb9-5dd3-85785d297e7b" executionId="42e1722b-b5b2-452f-b8c3-cd2995b3138c" testListId="8c84fa94-04c1-424b-9868-57a2d4851a1d" />
    <TestEntry testId="41010dad-1f69-61f2-4f81-1da59e142c9b" executionId="2646604c-ee73-4ee4-83cd-2cce8fdd37bc" testListId="8c84fa94-04c1-424b-9868-57a2d4851a1d" />
    <TestEntry testId="553ae75a-d97b-cc48-ce03-76d4cfbaf8df" executionId="59df0ab2-9af7-4003-b49b-0422f02966e1" testListId="8c84fa94-04c1-424b-9868-57a2d4851a1d" />
    <TestEntry testId="59af4567-ed2f-c98d-3d92-a1658e2751e8" executionId="c7138f89-bc45-48d5-a501-b101672e7459" testListId="8c84fa94-04c1-424b-9868-57a2d4851a1d" />
    <TestEntry testId="b23c5a48-50df-e42d-b8f1-dd4c97cd1f14" executionId="3218816a-9b2f-4b65-820e-0f5cd7e2eb1f" testListId="8c84fa94-04c1-424b-9868-57a2d4851a1d" />
  </TestEntries>
  <Results>
    <UnitTestResult executionId="90d73943-e1b2-4c1e-b933-ed92fc46d01d" testId="058bc887-496a-f62c-2e6e-b08a3a4e48f7" testName="TooManyNumbers" computerName="SAGE010582" duration="00:00:00.0222176" startTime="2011-12-19T15:53:40.3542717+00:00" endTime="2011-12-19T15:53:40.6062717+00:00" testType="13cdc9d9-ddb5-4fa4-a97d-d965ccfc6d4b" outcome="Passed" testListId="8c84fa94-04c1-424b-9868-57a2d4851a1d" relativeResultsDirectory="90d73943-e1b2-4c1e-b933-ed92fc46d01d">
    </UnitTestResult>
    <UnitTestResult executionId="42e1722b-b5b2-452f-b8c3-cd2995b3138c" testId="0bf5c479-8892-ecb9-5dd3-85785d297e7b" testName="NotEnoughNumbers" computerName="SAGE010582" duration="00:00:00.0004215" startTime="2011-12-19T15:53:40.6082717+00:00" endTime="2011-12-19T15:53:40.6112717+00:00" testType="13cdc9d9-ddb5-4fa4-a97d-d965ccfc6d4b" outcome="Passed" testListId="8c84fa94-04c1-424b-9868-57a2d4851a1d" relativeResultsDirectory="42e1722b-b5b2-452f-b8c3-cd2995b3138c">
    </UnitTestResult>
    <UnitTestResult executionId="2646604c-ee73-4ee4-83cd-2cce8fdd37bc" testId="41010dad-1f69-61f2-4f81-1da59e142c9b" testName="LoadAllDrawsTest" computerName="SAGE010582" duration="00:00:02.9238750" startTime="2011-12-19T15:53:40.6142717+00:00" endTime="2011-12-19T15:53:43.5402717+00:00" testType="13cdc9d9-ddb5-4fa4-a97d-d965ccfc6d4b" outcome="Passed" testListId="8c84fa94-04c1-424b-9868-57a2d4851a1d" relativeResultsDirectory="2646604c-ee73-4ee4-83cd-2cce8fdd37bc">
    </UnitTestResult>
    <UnitTestResult executionId="59df0ab2-9af7-4003-b49b-0422f02966e1" testId="553ae75a-d97b-cc48-ce03-76d4cfbaf8df" testName="LoosingNumbers" computerName="SAGE010582" duration="00:00:00.0132519" startTime="2011-12-19T15:53:43.5422717+00:00" endTime="2011-12-19T15:53:43.5582717+00:00" testType="13cdc9d9-ddb5-4fa4-a97d-d965ccfc6d4b" outcome="Failed" testListId="8c84fa94-04c1-424b-9868-57a2d4851a1d" relativeResultsDirectory="59df0ab2-9af7-4003-b49b-0422f02966e1">
      <Output>
        <ErrorInfo>
          <Message>Test method LottoLibrary.Test.ILottoCollectionTest.LoosingNumbers threw exception: 
System.NotImplementedException: The method or operation is not implemented.</Message>
          <StackTrace>    at LotteryLibrary.HistorcalDraws.CheckNumbers(IEnumerable`1 numbers) in c:\users\ben.crinion\documents\visual studio 2010\Projects\LotteryConsoleApp\LotteryLibrary\HistorcalDraws.cs:line 66
   at LottoLibrary.Test.ILottoCollectionTest.LoosingNumbers() in c:\users\ben.crinion\documents\visual studio 2010\Projects\LotteryConsoleApp\LottoLibrary.Test\ILottoCollectionTest.cs:line 116
</StackTrace>
        </ErrorInfo>
      </Output>
    </UnitTestResult>
    <UnitTestResult executionId="c7138f89-bc45-48d5-a501-b101672e7459" testId="59af4567-ed2f-c98d-3d92-a1658e2751e8" testName="NotUniqueNumbers" computerName="SAGE010582" duration="00:00:00.0028836" startTime="2011-12-19T15:53:43.5592717+00:00" endTime="2011-12-19T15:53:43.5642717+00:00" testType="13cdc9d9-ddb5-4fa4-a97d-d965ccfc6d4b" outcome="Failed" testListId="8c84fa94-04c1-424b-9868-57a2d4851a1d" relativeResultsDirectory="c7138f89-bc45-48d5-a501-b101672e7459">
      <Output>
        <ErrorInfo>
          <Message>Test method LottoLibrary.Test.ILottoCollectionTest.NotUniqueNumbers threw exception System.NotImplementedException, but exception System.InvalidOperationException was expected. Exception message: System.NotImplementedException: The method or operation is not implemented.</Message>
          <StackTrace>    at LotteryLibrary.HistorcalDraws.CheckNumbers(IEnumerable`1 numbers) in c:\users\ben.crinion\documents\visual studio 2010\Projects\LotteryConsoleApp\LotteryLibrary\HistorcalDraws.cs:line 66
   at LottoLibrary.Test.ILottoCollectionTest.NotUniqueNumbers() in c:\users\ben.crinion\documents\visual studio 2010\Projects\LotteryConsoleApp\LottoLibrary.Test\ILottoCollectionTest.cs:line 148
</StackTrace>
        </ErrorInfo>
      </Output>
    </UnitTestResult>
    <UnitTestResult executionId="3218816a-9b2f-4b65-820e-0f5cd7e2eb1f" testId="b23c5a48-50df-e42d-b8f1-dd4c97cd1f14" testName="WinningNumbers" computerName="SAGE010582" duration="00:00:00.0013880" startTime="2011-12-19T15:53:43.5652717+00:00" endTime="2011-12-19T15:53:43.5692717+00:00" testType="13cdc9d9-ddb5-4fa4-a97d-d965ccfc6d4b" outcome="Failed" testListId="8c84fa94-04c1-424b-9868-57a2d4851a1d" relativeResultsDirectory="3218816a-9b2f-4b65-820e-0f5cd7e2eb1f">
      <Output>
        <ErrorInfo>
          <Message>Test method LottoLibrary.Test.ILottoCollectionTest.WinningNumbers threw exception: 
System.NotImplementedException: The method or operation is not implemented.</Message>
          <StackTrace>    at LotteryLibrary.HistorcalDraws.CheckNumbers(IEnumerable`1 numbers) in c:\users\ben.crinion\documents\visual studio 2010\Projects\LotteryConsoleApp\LotteryLibrary\HistorcalDraws.cs:line 66
   at LottoLibrary.Test.ILottoCollectionTest.WinningNumbers() in c:\users\ben.crinion\documents\visual studio 2010\Projects\LotteryConsoleApp\LottoLibrary.Test\ILottoCollectionTest.cs:line 103
</StackTrace>
        </ErrorInfo>
      </Output>
    </UnitTestResult>
  </Results>
</TestRun>