<?xml version="1.0" encoding="UTF-8"?>
<TestRun id="1b2bf432-cf63-4b38-bb9f-10e2b14a900c" name="ben.crinion@SAGE010582 2011-12-19 16:00:55" runUser="SAGEUKIE\ben.crinion" xmlns="http://microsoft.com/schemas/VisualStudio/TeamTest/2010">
  <TestSettings name="Local" id="ef149f74-4c5a-4e1f-87b8-a5e79c997f90">
    <Description>These are default test settings for a local test run.</Description>
    <Deployment enabled="false" runDeploymentRoot="ben.crinion_SAGE010582 2011-12-19 16_00_55">
      <DeploymentItem filename="c:\users\ben.crinion\documents\visual studio 2010\Projects\LotteryConsoleApp\LotteryLibrary\bin\Debug\LotteryLibrary.dll" />
    </Deployment>
    <Execution>
      <TestTypeSpecific />
      <AgentRule name="Execution Agents">
      </AgentRule>
    </Execution>
  </TestSettings>
  <Times creation="2011-12-19T16:00:55.0822717+00:00" queuing="2011-12-19T16:00:55.1392717+00:00" start="2011-12-19T16:00:55.1452717+00:00" finish="2011-12-19T16:00:58.5032717+00:00" />
  <ResultSummary outcome="Failed">
    <Counters total="8" executed="8" passed="6" error="0" failed="2" timeout="0" aborted="0" inconclusive="0" passedButRunAborted="0" notRunnable="0" notExecuted="0" disconnected="0" warning="0" completed="0" inProgress="0" pending="0" />
  </ResultSummary>
  <TestDefinitions>
    <UnitTest name="LoadAllDrawsTest" storage="c:\users\ben.crinion\documents\visual studio 2010\projects\lotteryconsoleapp\lottolibrary.test\bin\debug\lottolibrary.test.dll" id="41010dad-1f69-61f2-4f81-1da59e142c9b">
      <Execution id="34cdc045-d840-47db-9471-8fb0c7b960b8" />
      <TestMethod codeBase="c:/users/ben.crinion/documents/visual studio 2010/Projects/LotteryConsoleApp/LottoLibrary.Test/bin/Debug/LottoLibrary.Test.DLL" adapterTypeName="Microsoft.VisualStudio.TestTools.TestTypes.Unit.UnitTestAdapter, Microsoft.VisualStudio.QualityTools.Tips.UnitTest.Adapter, Version=10.0.0.0, Culture=neutral, PublicKeyToken=b03f5f7f11d50a3a" className="LottoLibrary.Test.ILottoCollectionTest, LottoLibrary.Test, Version=1.0.0.0, Culture=neutral, PublicKeyToken=null" name="LoadAllDrawsTest" />
    </UnitTest>
    <UnitTest name="WinningNumbers" storage="c:\users\ben.crinion\documents\visual studio 2010\projects\lotteryconsoleapp\lottolibrary.test\bin\debug\lottolibrary.test.dll" id="b23c5a48-50df-e42d-b8f1-dd4c97cd1f14">
      <Execution id="979a3c9e-a189-4c9c-ae51-8f4272892400" />
      <TestMethod codeBase="c:/users/ben.crinion/documents/visual studio 2010/Projects/LotteryConsoleApp/LottoLibrary.Test/bin/Debug/LottoLibrary.Test.DLL" adapterTypeName="Microsoft.VisualStudio.TestTools.TestTypes.Unit.UnitTestAdapter, Microsoft.VisualStudio.QualityTools.Tips.UnitTest.Adapter, Version=10.0.0.0, Culture=neutral, PublicKeyToken=b03f5f7f11d50a3a" className="LottoLibrary.Test.ILottoCollectionTest, LottoLibrary.Test, Version=1.0.0.0, Culture=neutral, PublicKeyToken=null" name="WinningNumbers" />
    </UnitTest>
    <UnitTest name="NotEnoughNumbers" storage="c:\users\ben.crinion\documents\visual studio 2010\projects\lotteryconsoleapp\lottolibrary.test\bin\debug\lottolibrary.test.dll" id="0bf5c479-8892-ecb9-5dd3-85785d297e7b">
      <Execution id="43db2cd3-355f-4293-8a4c-13db3e74a7e9" />
      <TestMethod codeBase="c:/users/ben.crinion/documents/visual studio 2010/Projects/LotteryConsoleApp/LottoLibrary.Test/bin/Debug/LottoLibrary.Test.DLL" adapterTypeName="Microsoft.VisualStudio.TestTools.TestTypes.Unit.UnitTestAdapter, Microsoft.VisualStudio.QualityTools.Tips.UnitTest.Adapter, Version=10.0.0.0, Culture=neutral, PublicKeyToken=b03f5f7f11d50a3a" className="LottoLibrary.Test.ILottoCollectionTest, LottoLibrary.Test, Version=1.0.0.0, Culture=neutral, PublicKeyToken=null" name="NotEnoughNumbers" />
    </UnitTest>
    <UnitTest name="NumbersTooLow" storage="c:\users\ben.crinion\documents\visual studio 2010\projects\lotteryconsoleapp\lottolibrary.test\bin\debug\lottolibrary.test.dll" id="202e97fb-f7c2-a2f3-69e9-33ccb936ff8d">
      <Execution id="51c5be99-9a5d-4c62-b082-d1ecf2bef29e" />
      <TestMethod codeBase="c:/users/ben.crinion/documents/visual studio 2010/Projects/LotteryConsoleApp/LottoLibrary.Test/bin/Debug/LottoLibrary.Test.DLL" adapterTypeName="Microsoft.VisualStudio.TestTools.TestTypes.Unit.UnitTestAdapter, Microsoft.VisualStudio.QualityTools.Tips.UnitTest.Adapter, Version=10.0.0.0, Culture=neutral, PublicKeyToken=b03f5f7f11d50a3a" className="LottoLibrary.Test.ILottoCollectionTest, LottoLibrary.Test, Version=1.0.0.0, Culture=neutral, PublicKeyToken=null" name="NumbersTooLow" />
    </UnitTest>
    <UnitTest name="TooManyNumbers" storage="c:\users\ben.crinion\documents\visual studio 2010\projects\lotteryconsoleapp\lottolibrary.test\bin\debug\lottolibrary.test.dll" id="058bc887-496a-f62c-2e6e-b08a3a4e48f7">
      <Execution id="ea7d027b-2480-4758-922a-152f33617804" />
      <TestMethod codeBase="c:/users/ben.crinion/documents/visual studio 2010/Projects/LotteryConsoleApp/LottoLibrary.Test/bin/Debug/LottoLibrary.Test.DLL" adapterTypeName="Microsoft.VisualStudio.TestTools.TestTypes.Unit.UnitTestAdapter, Microsoft.VisualStudio.QualityTools.Tips.UnitTest.Adapter, Version=10.0.0.0, Culture=neutral, PublicKeyToken=b03f5f7f11d50a3a" className="LottoLibrary.Test.ILottoCollectionTest, LottoLibrary.Test, Version=1.0.0.0, Culture=neutral, PublicKeyToken=null" name="TooManyNumbers" />
    </UnitTest>
    <UnitTest name="LoosingNumbers" storage="c:\users\ben.crinion\documents\visual studio 2010\projects\lotteryconsoleapp\lottolibrary.test\bin\debug\lottolibrary.test.dll" id="553ae75a-d97b-cc48-ce03-76d4cfbaf8df">
      <Execution id="06e4e30e-8e12-472e-88ea-fd8c4f984a8a" />
      <TestMethod codeBase="c:/users/ben.crinion/documents/visual studio 2010/Projects/LotteryConsoleApp/LottoLibrary.Test/bin/Debug/LottoLibrary.Test.DLL" adapterTypeName="Microsoft.VisualStudio.TestTools.TestTypes.Unit.UnitTestAdapter, Microsoft.VisualStudio.QualityTools.Tips.UnitTest.Adapter, Version=10.0.0.0, Culture=neutral, PublicKeyToken=b03f5f7f11d50a3a" className="LottoLibrary.Test.ILottoCollectionTest, LottoLibrary.Test, Version=1.0.0.0, Culture=neutral, PublicKeyToken=null" name="LoosingNumbers" />
    </UnitTest>
    <UnitTest name="NumbersTooHigh" storage="c:\users\ben.crinion\documents\visual studio 2010\projects\lotteryconsoleapp\lottolibrary.test\bin\debug\lottolibrary.test.dll" id="dde654c9-9fbc-bb1f-941d-3c1d7204e476">
      <Execution id="cb491f25-070d-4f6b-9ab1-bfc984261f27" />
      <TestMethod codeBase="c:/users/ben.crinion/documents/visual studio 2010/Projects/LotteryConsoleApp/LottoLibrary.Test/bin/Debug/LottoLibrary.Test.DLL" adapterTypeName="Microsoft.VisualStudio.TestTools.TestTypes.Unit.UnitTestAdapter, Microsoft.VisualStudio.QualityTools.Tips.UnitTest.Adapter, Version=10.0.0.0, Culture=neutral, PublicKeyToken=b03f5f7f11d50a3a" className="LottoLibrary.Test.ILottoCollectionTest, LottoLibrary.Test, Version=1.0.0.0, Culture=neutral, PublicKeyToken=null" name="NumbersTooHigh" />
    </UnitTest>
    <UnitTest name="NotUniqueNumbers" storage="c:\users\ben.crinion\documents\visual studio 2010\projects\lotteryconsoleapp\lottolibrary.test\bin\debug\lottolibrary.test.dll" id="59af4567-ed2f-c98d-3d92-a1658e2751e8">
      <Execution id="8bc564e1-aeac-4680-b11a-a4b1e4e9f358" />
      <TestMethod codeBase="c:/users/ben.crinion/documents/visual studio 2010/Projects/LotteryConsoleApp/LottoLibrary.Test/bin/Debug/LottoLibrary.Test.DLL" adapterTypeName="Microsoft.VisualStudio.TestTools.TestTypes.Unit.UnitTestAdapter, Microsoft.VisualStudio.QualityTools.Tips.UnitTest.Adapter, Version=10.0.0.0, Culture=neutral, PublicKeyToken=b03f5f7f11d50a3a" className="LottoLibrary.Test.ILottoCollectionTest, LottoLibrary.Test, Version=1.0.0.0, Culture=neutral, PublicKeyToken=null" name="NotUniqueNumbers" />
    </UnitTest>
  </TestDefinitions>
  <TestLists>
    <TestList name="Results Not in a List" id="8c84fa94-04c1-424b-9868-57a2d4851a1d" />
    <TestList name="All Loaded Results" id="19431567-8539-422a-85d7-44ee4e166bda" />
  </TestLists>
  <TestEntries>
    <TestEntry testId="058bc887-496a-f62c-2e6e-b08a3a4e48f7" executionId="ea7d027b-2480-4758-922a-152f33617804" testListId="8c84fa94-04c1-424b-9868-57a2d4851a1d" />
    <TestEntry testId="0bf5c479-8892-ecb9-5dd3-85785d297e7b" executionId="43db2cd3-355f-4293-8a4c-13db3e74a7e9" testListId="8c84fa94-04c1-424b-9868-57a2d4851a1d" />
    <TestEntry testId="202e97fb-f7c2-a2f3-69e9-33ccb936ff8d" executionId="51c5be99-9a5d-4c62-b082-d1ecf2bef29e" testListId="8c84fa94-04c1-424b-9868-57a2d4851a1d" />
    <TestEntry testId="41010dad-1f69-61f2-4f81-1da59e142c9b" executionId="34cdc045-d840-47db-9471-8fb0c7b960b8" testListId="8c84fa94-04c1-424b-9868-57a2d4851a1d" />
    <TestEntry testId="553ae75a-d97b-cc48-ce03-76d4cfbaf8df" executionId="06e4e30e-8e12-472e-88ea-fd8c4f984a8a" testListId="8c84fa94-04c1-424b-9868-57a2d4851a1d" />
    <TestEntry testId="59af4567-ed2f-c98d-3d92-a1658e2751e8" executionId="8bc564e1-aeac-4680-b11a-a4b1e4e9f358" testListId="8c84fa94-04c1-424b-9868-57a2d4851a1d" />
    <TestEntry testId="b23c5a48-50df-e42d-b8f1-dd4c97cd1f14" executionId="979a3c9e-a189-4c9c-ae51-8f4272892400" testListId="8c84fa94-04c1-424b-9868-57a2d4851a1d" />
    <TestEntry testId="dde654c9-9fbc-bb1f-941d-3c1d7204e476" executionId="cb491f25-070d-4f6b-9ab1-bfc984261f27" testListId="8c84fa94-04c1-424b-9868-57a2d4851a1d" />
  </TestEntries>
  <Results>
    <UnitTestResult executionId="ea7d027b-2480-4758-922a-152f33617804" testId="058bc887-496a-f62c-2e6e-b08a3a4e48f7" testName="TooManyNumbers" computerName="SAGE010582" duration="00:00:00.0141815" startTime="2011-12-19T16:00:55.1612717+00:00" endTime="2011-12-19T16:00:55.4042717+00:00" testType="13cdc9d9-ddb5-4fa4-a97d-d965ccfc6d4b" outcome="Passed" testListId="8c84fa94-04c1-424b-9868-57a2d4851a1d" relativeResultsDirectory="ea7d027b-2480-4758-922a-152f33617804">
    </UnitTestResult>
    <UnitTestResult executionId="43db2cd3-355f-4293-8a4c-13db3e74a7e9" testId="0bf5c479-8892-ecb9-5dd3-85785d297e7b" testName="NotEnoughNumbers" computerName="SAGE010582" duration="00:00:00.0004236" startTime="2011-12-19T16:00:55.4052717+00:00" endTime="2011-12-19T16:00:55.4082717+00:00" testType="13cdc9d9-ddb5-4fa4-a97d-d965ccfc6d4b" outcome="Passed" testListId="8c84fa94-04c1-424b-9868-57a2d4851a1d" relativeResultsDirectory="43db2cd3-355f-4293-8a4c-13db3e74a7e9">
    </UnitTestResult>
    <UnitTestResult executionId="51c5be99-9a5d-4c62-b082-d1ecf2bef29e" testId="202e97fb-f7c2-a2f3-69e9-33ccb936ff8d" testName="NumbersTooLow" computerName="SAGE010582" duration="00:00:00.0005347" startTime="2011-12-19T16:00:55.4102717+00:00" endTime="2011-12-19T16:00:55.4132717+00:00" testType="13cdc9d9-ddb5-4fa4-a97d-d965ccfc6d4b" outcome="Passed" testListId="8c84fa94-04c1-424b-9868-57a2d4851a1d" relativeResultsDirectory="51c5be99-9a5d-4c62-b082-d1ecf2bef29e">
    </UnitTestResult>
    <UnitTestResult executionId="34cdc045-d840-47db-9471-8fb0c7b960b8" testId="41010dad-1f69-61f2-4f81-1da59e142c9b" testName="LoadAllDrawsTest" computerName="SAGE010582" duration="00:00:02.9560211" startTime="2011-12-19T16:00:55.4162717+00:00" endTime="2011-12-19T16:00:58.3742717+00:00" testType="13cdc9d9-ddb5-4fa4-a97d-d965ccfc6d4b" outcome="Passed" testListId="8c84fa94-04c1-424b-9868-57a2d4851a1d" relativeResultsDirectory="34cdc045-d840-47db-9471-8fb0c7b960b8">
    </UnitTestResult>
    <UnitTestResult executionId="06e4e30e-8e12-472e-88ea-fd8c4f984a8a" testId="553ae75a-d97b-cc48-ce03-76d4cfbaf8df" testName="LoosingNumbers" computerName="SAGE010582" duration="00:00:00.0137486" startTime="2011-12-19T16:00:58.3762717+00:00" endTime="2011-12-19T16:00:58.3922717+00:00" testType="13cdc9d9-ddb5-4fa4-a97d-d965ccfc6d4b" outcome="Failed" testListId="8c84fa94-04c1-424b-9868-57a2d4851a1d" relativeResultsDirectory="06e4e30e-8e12-472e-88ea-fd8c4f984a8a">
      <Output>
        <ErrorInfo>
          <Message>Test method LottoLibrary.Test.ILottoCollectionTest.LoosingNumbers threw exception: 
System.NullReferenceException: Object reference not set to an instance of an object.</Message>
          <StackTrace>    at LotteryLibrary.HistorcalDraws.CheckNumbers(IEnumerable`1 numbers) in c:\users\ben.crinion\documents\visual studio 2010\Projects\LotteryConsoleApp\LotteryLibrary\HistorcalDraws.cs:line 81
   at LottoLibrary.Test.ILottoCollectionTest.LoosingNumbers() in c:\users\ben.crinion\documents\visual studio 2010\Projects\LotteryConsoleApp\LottoLibrary.Test\ILottoCollectionTest.cs:line 116
</StackTrace>
        </ErrorInfo>
      </Output>
    </UnitTestResult>
    <UnitTestResult executionId="8bc564e1-aeac-4680-b11a-a4b1e4e9f358" testId="59af4567-ed2f-c98d-3d92-a1658e2751e8" testName="NotUniqueNumbers" computerName="SAGE010582" duration="00:00:00.0004527" startTime="2011-12-19T16:00:58.3932717+00:00" endTime="2011-12-19T16:00:58.3962717+00:00" testType="13cdc9d9-ddb5-4fa4-a97d-d965ccfc6d4b" outcome="Passed" testListId="8c84fa94-04c1-424b-9868-57a2d4851a1d" relativeResultsDirectory="8bc564e1-aeac-4680-b11a-a4b1e4e9f358">
    </UnitTestResult>
    <UnitTestResult executionId="979a3c9e-a189-4c9c-ae51-8f4272892400" testId="b23c5a48-50df-e42d-b8f1-dd4c97cd1f14" testName="WinningNumbers" computerName="SAGE010582" duration="00:00:00.0014409" startTime="2011-12-19T16:00:58.3982717+00:00" endTime="2011-12-19T16:00:58.4012717+00:00" testType="13cdc9d9-ddb5-4fa4-a97d-d965ccfc6d4b" outcome="Failed" testListId="8c84fa94-04c1-424b-9868-57a2d4851a1d" relativeResultsDirectory="979a3c9e-a189-4c9c-ae51-8f4272892400">
      <Output>
        <ErrorInfo>
          <Message>Test method LottoLibrary.Test.ILottoCollectionTest.WinningNumbers threw exception: 
System.NullReferenceException: Object reference not set to an instance of an object.</Message>
          <StackTrace>    at LotteryLibrary.HistorcalDraws.CheckNumbers(IEnumerable`1 numbers) in c:\users\ben.crinion\documents\visual studio 2010\Projects\LotteryConsoleApp\LotteryLibrary\HistorcalDraws.cs:line 81
   at LottoLibrary.Test.ILottoCollectionTest.WinningNumbers() in c:\users\ben.crinion\documents\visual studio 2010\Projects\LotteryConsoleApp\LottoLibrary.Test\ILottoCollectionTest.cs:line 103
</StackTrace>
        </ErrorInfo>
      </Output>
    </UnitTestResult>
    <UnitTestResult executionId="cb491f25-070d-4f6b-9ab1-bfc984261f27" testId="dde654c9-9fbc-bb1f-941d-3c1d7204e476" testName="NumbersTooHigh" computerName="SAGE010582" duration="00:00:00.0004595" startTime="2011-12-19T16:00:58.4022717+00:00" endTime="2011-12-19T16:00:58.4052717+00:00" testType="13cdc9d9-ddb5-4fa4-a97d-d965ccfc6d4b" outcome="Passed" testListId="8c84fa94-04c1-424b-9868-57a2d4851a1d" relativeResultsDirectory="cb491f25-070d-4f6b-9ab1-bfc984261f27">
    </UnitTestResult>
  </Results>
</TestRun>